nohup: ignoring input
Watching for file changes with StatReloader
[22/Jul/2022 14:47:41] "GET / HTTP/1.0" 200 4847
[22/Jul/2022 15:05:10] "GET / HTTP/1.1" 200 4847
[22/Jul/2022 15:05:10] "GET /static/css/style.css HTTP/1.1" 304 0
[22/Jul/2022 15:05:10] "GET /static/image/myheadfang.png HTTP/1.1" 304 0
[22/Jul/2022 15:05:10] "GET /static/image/12.jpg HTTP/1.1" 304 0
[22/Jul/2022 15:06:50] "GET / HTTP/1.1" 200 4847
[22/Jul/2022 15:10:21] "GET / HTTP/1.1" 200 4847
/home/ubuntu/xxrblog/xxrblog/settings.py changed, reloading.
Performing system checks...

System check identified no issues (0 silenced).
July 22, 2022 - 14:09:08
Django version 3.2.14, using settings 'xxrblog.settings'
Starting development server at http://0.0.0.0:8000/
Quit the server with CONTROL-C.
Watching for file changes with StatReloader
/home/ubuntu/xxrblog/xxrblog/settings.py changed, reloading.
Performing system checks...

System check identified no issues (0 silenced).
July 22, 2022 - 15:11:07
Django version 3.2.14, using settings 'xxrblog.settings'
Starting development server at http://0.0.0.0:8000/
Quit the server with CONTROL-C.
Watching for file changes with StatReloader
[22/Jul/2022 15:15:59] "GET / HTTP/1.1" 200 4847
[22/Jul/2022 15:16:02] "GET /admin/ HTTP/1.1" 302 0
[22/Jul/2022 15:16:03] "GET /admin/login/?next=/admin/ HTTP/1.1" 200 2218
[22/Jul/2022 15:16:03] "GET /static/admin/css/nav_sidebar.css HTTP/1.1" 304 0
[22/Jul/2022 15:16:04] "GET /static/admin/css/base.css HTTP/1.1" 304 0
[22/Jul/2022 15:16:04] "GET /static/admin/css/responsive.css HTTP/1.1" 304 0
[22/Jul/2022 15:16:04] "GET /static/admin/css/login.css HTTP/1.1" 304 0
[22/Jul/2022 15:16:04] "GET /static/admin/css/fonts.css HTTP/1.1" 304 0
[22/Jul/2022 15:16:04] "GET /static/admin/js/nav_sidebar.js HTTP/1.1" 304 0
[22/Jul/2022 15:16:04] "GET /static/admin/fonts/Roboto-Regular-webfont.woff HTTP/1.1" 304 0
[22/Jul/2022 15:16:04] "GET /static/admin/fonts/Roboto-Light-webfont.woff HTTP/1.1" 304 0
[22/Jul/2022 15:16:11] "POST /admin/login/?next=/admin/ HTTP/1.1" 200 2379
[22/Jul/2022 15:16:12] "GET /static/admin/fonts/Roboto-Bold-webfont.woff HTTP/1.1" 200 86184
[22/Jul/2022 15:16:21] "POST /admin/login/?next=/admin/ HTTP/1.1" 302 0
[22/Jul/2022 15:16:21] "GET /admin/ HTTP/1.1" 200 3330
[22/Jul/2022 15:16:21] "GET /static/admin/css/dashboard.css HTTP/1.1" 200 380
[22/Jul/2022 15:16:21] "GET /static/admin/img/icon-addlink.svg HTTP/1.1" 200 331
[22/Jul/2022 15:16:21] "GET /static/admin/img/icon-changelink.svg HTTP/1.1" 200 380
[22/Jul/2022 15:16:24] "GET /admin/auth/user/ HTTP/1.1" 200 7830
[22/Jul/2022 15:16:24] "GET /static/admin/css/changelists.css HTTP/1.1" 200 6874
[22/Jul/2022 15:16:24] "GET /static/admin/js/jquery.init.js HTTP/1.1" 200 347
[22/Jul/2022 15:16:24] "GET /admin/jsi18n/ HTTP/1.1" 200 3195
[22/Jul/2022 15:16:24] "GET /static/admin/js/core.js HTTP/1.1" 200 5698
[22/Jul/2022 15:16:24] "GET /static/admin/js/admin/RelatedObjectLookups.js HTTP/1.1" 200 5984
[22/Jul/2022 15:16:24] "GET /static/admin/js/actions.js HTTP/1.1" 200 7867
[22/Jul/2022 15:16:24] "GET /static/admin/js/urlify.js HTTP/1.1" 200 7902
[22/Jul/2022 15:16:24] "GET /static/admin/js/prepopulate.js HTTP/1.1" 200 1531
[22/Jul/2022 15:16:24] "GET /static/admin/js/vendor/jquery/jquery.js HTTP/1.1" 200 287630
[22/Jul/2022 15:16:25] "GET /static/admin/js/vendor/xregexp/xregexp.js HTTP/1.1" 200 232381
[22/Jul/2022 15:16:25] "GET /static/admin/img/search.svg HTTP/1.1" 200 458
[22/Jul/2022 15:16:25] "GET /static/admin/img/icon-yes.svg HTTP/1.1" 200 436
[22/Jul/2022 15:16:25] "GET /static/admin/img/sorting-icons.svg HTTP/1.1" 200 1097
[22/Jul/2022 15:16:25] "GET /static/admin/img/tooltag-add.svg HTTP/1.1" 200 331
[22/Jul/2022 15:16:30] "GET /admin/ HTTP/1.1" 200 3330
[22/Jul/2022 15:17:25] "GET / HTTP/1.1" 200 4847
[22/Jul/2022 15:17:28] "GET / HTTP/1.1" 200 4847
Not Found: /ground
[22/Jul/2022 15:17:29] "GET /ground HTTP/1.1" 404 2387
[22/Jul/2022 15:21:12] "GET / HTTP/1.1" 200 4865
[22/Jul/2022 15:21:12] "GET /static/css/style.css HTTP/1.1" 304 0
[22/Jul/2022 15:21:13] "GET / HTTP/1.1" 200 4865
[22/Jul/2022 15:21:16] "GET / HTTP/1.1" 200 4865
[22/Jul/2022 15:21:30] "GET / HTTP/1.1" 200 4865
[22/Jul/2022 15:21:39] "GET / HTTP/1.1" 200 4865
[22/Jul/2022 15:21:48] "GET / HTTP/1.1" 200 4865
[22/Jul/2022 15:21:57] "GET / HTTP/1.1" 200 4865
[22/Jul/2022 15:22:56] "GET / HTTP/1.1" 200 4865
[22/Jul/2022 15:24:12] "GET /static/admin/img/icon-changelink.svg HTTP/1.1" 200 380
[22/Jul/2022 15:24:17] "GET /static/admin/img/icon-addlink.svg HTTP/1.1" 200 331
[22/Jul/2022 15:24:24] "GET /static/admin/img/icon-yes.svg HTTP/1.1" 200 436
[22/Jul/2022 15:24:52] "GET /admin/jsi18n/ HTTP/1.1" 302 0
[22/Jul/2022 15:24:52] "GET /admin/login/?next=/admin/jsi18n/ HTTP/1.1" 200 2232
[22/Jul/2022 15:24:52] "GET /static/admin/js/nav_sidebar.js HTTP/1.1" 200 1360
[22/Jul/2022 15:24:53] "GET /admin/jsi18n/ HTTP/1.1" 302 0
[22/Jul/2022 15:24:53] "GET /admin/login/?next=/admin/jsi18n/ HTTP/1.1" 200 2232
[22/Jul/2022 15:24:54] "GET /static/admin/css/base.css HTTP/1.1" 200 19513
[22/Jul/2022 15:24:54] "GET /static/admin/css/nav_sidebar.css HTTP/1.1" 200 2271
[22/Jul/2022 15:24:54] "GET /static/admin/css/responsive.css HTTP/1.1" 200 18545
[22/Jul/2022 15:24:54] "GET /static/admin/css/login.css HTTP/1.1" 200 939
[22/Jul/2022 15:24:54] "GET /static/admin/js/nav_sidebar.js HTTP/1.1" 200 1360
[22/Jul/2022 15:24:54] "GET /static/admin/css/fonts.css HTTP/1.1" 200 423
[22/Jul/2022 15:24:54] "GET /static/admin/fonts/Roboto-Regular-webfont.woff HTTP/1.1" 200 85876
[22/Jul/2022 15:24:54] "GET /static/admin/fonts/Roboto-Light-webfont.woff HTTP/1.1" 200 85692
[22/Jul/2022 15:26:01] "GET /static/admin/img/search.svg HTTP/1.1" 200 458
[22/Jul/2022 15:26:16] "GET /static/admin/img/sorting-icons.svg HTTP/1.1" 200 1097
[22/Jul/2022 15:52:56] code 400, message Bad request version ('À\x14À')
[22/Jul/2022 15:52:56] You're accessing the development server over HTTPS, but it only supports HTTP.

[22/Jul/2022 15:52:58] code 400, message Bad request syntax ('\x16\x03\x01\x00{\x01\x00\x00w\x03\x03Ã')
[22/Jul/2022 15:52:58] You're accessing the development server over HTTPS, but it only supports HTTP.

[22/Jul/2022 15:52:58] "GET / HTTP/1.1" 200 4865
[22/Jul/2022 16:41:19] code 400, message Bad request syntax ('MGLNDD_43.138.76.134_8000')
[22/Jul/2022 16:41:19] "MGLNDD_43.138.76.134_8000" 400 -
[22/Jul/2022 16:41:23] "GET / HTTP/1.1" 200 4865
[22/Jul/2022 16:41:23] "GET /static/css/bootstrap.min.css HTTP/1.1" 304 0
[22/Jul/2022 16:41:23] "GET /static/css/style.css HTTP/1.1" 304 0
[22/Jul/2022 16:41:23] "GET /static/image/blossom.ico HTTP/1.1" 304 0
[22/Jul/2022 16:41:23] "GET /static/image/head.jpg HTTP/1.1" 304 0
[22/Jul/2022 16:51:05] "GET / HTTP/1.1" 200 4865
[22/Jul/2022 16:51:09] "GET / HTTP/1.1" 200 4865
[22/Jul/2022 16:51:10] "GET / HTTP/1.1" 200 4865
[22/Jul/2022 16:51:37] "GET / HTTP/1.1" 200 4865
/home/ubuntu/xxrblog/xxrblog/settings.py changed, reloading.
Performing system checks...

System check identified no issues (0 silenced).
July 22, 2022 - 15:15:51
Django version 3.2.14, using settings 'xxrblog.settings'
Starting development server at http://0.0.0.0:8000/
Quit the server with CONTROL-C.
Watching for file changes with StatReloader
[22/Jul/2022 20:35:59] "GET / HTTP/1.1" 200 4865
[22/Jul/2022 20:35:59] "GET /static/css/bootstrap.min.css HTTP/1.1" 304 0
[22/Jul/2022 20:35:59] "GET /static/image/blossom.ico HTTP/1.1" 304 0
[22/Jul/2022 20:35:59] "GET /static/image/myheadfang.png HTTP/1.1" 304 0
[22/Jul/2022 20:35:59] "GET /static/css/style.css HTTP/1.1" 304 0
[22/Jul/2022 20:35:59] "GET /static/image/head.jpg HTTP/1.1" 304 0
[22/Jul/2022 20:35:59] "GET /static/image/12.jpg HTTP/1.1" 304 0
[22/Jul/2022 20:36:16] "GET / HTTP/1.1" 200 4865
[22/Jul/2022 20:38:26] "GET / HTTP/1.1" 200 4865
[22/Jul/2022 20:38:28] "GET / HTTP/1.1" 200 4865
[22/Jul/2022 20:38:33] "GET / HTTP/1.1" 200 4865
[22/Jul/2022 20:38:33] "GET /static/css/style.css HTTP/1.1" 200 775
[22/Jul/2022 20:38:33] "GET /static/image/blossom.ico HTTP/1.1" 200 866
[22/Jul/2022 20:38:33] "GET /static/css/bootstrap.min.css HTTP/1.1" 200 154875
[22/Jul/2022 20:38:33] "GET /static/image/myheadfang.png HTTP/1.1" 200 417025
[22/Jul/2022 20:38:33] "GET /static/image/head.jpg HTTP/1.1" 200 1147296
[22/Jul/2022 20:38:33] "GET /static/image/12.jpg HTTP/1.1" 200 539038
[22/Jul/2022 20:38:43] "GET / HTTP/1.1" 200 4865
[22/Jul/2022 20:38:43] "GET /static/css/style.css HTTP/1.1" 200 786
[22/Jul/2022 21:04:22] "GET / HTTP/1.1" 200 4897
[22/Jul/2022 21:04:22] "GET /static/css/style.css HTTP/1.1" 200 785
[22/Jul/2022 21:04:42] "GET / HTTP/1.1" 200 4865
[22/Jul/2022 21:04:44] "GET / HTTP/1.1" 200 4865
[22/Jul/2022 21:04:49] "GET / HTTP/1.1" 200 4865
[22/Jul/2022 21:04:49] "GET /static/css/style.css HTTP/1.1" 200 790
[22/Jul/2022 21:04:49] "GET /static/image/blossom.ico HTTP/1.1" 200 866
[22/Jul/2022 21:04:49] "GET /static/css/bootstrap.min.css HTTP/1.1" 200 154875
[22/Jul/2022 21:04:50] "GET /static/image/myheadfang.png HTTP/1.1" 200 417025
[22/Jul/2022 21:04:51] "GET /static/image/12.jpg HTTP/1.1" 200 539038
[22/Jul/2022 21:04:52] "GET /static/image/head.jpg HTTP/1.1" 200 1147296
[22/Jul/2022 21:04:53] "GET / HTTP/1.1" 200 4865
[22/Jul/2022 21:04:53] "GET /static/css/style.css HTTP/1.1" 304 0
[22/Jul/2022 21:04:54] "GET / HTTP/1.1" 200 4865
[22/Jul/2022 21:04:54] "GET / HTTP/1.1" 200 4865
[22/Jul/2022 21:04:54] "GET /static/css/style.css HTTP/1.1" 304 0
[22/Jul/2022 21:05:15] "GET / HTTP/1.1" 200 4865
[22/Jul/2022 21:05:15] "GET /static/css/style.css HTTP/1.1" 200 789
[22/Jul/2022 21:05:35] "GET / HTTP/1.1" 200 4847
[22/Jul/2022 21:05:35] "GET /static/css/style.css HTTP/1.1" 304 0
[22/Jul/2022 21:06:08] "GET / HTTP/1.1" 200 4847
[22/Jul/2022 21:06:08] "GET /static/css/style.css HTTP/1.1" 200 801
[22/Jul/2022 21:06:19] "GET / HTTP/1.1" 200 4847
[22/Jul/2022 21:06:19] "GET /static/css/style.css HTTP/1.1" 200 808
[22/Jul/2022 21:06:52] "GET / HTTP/1.1" 200 4847
[22/Jul/2022 21:06:52] "GET /static/css/style.css HTTP/1.1" 304 0
[22/Jul/2022 21:10:41] "GET / HTTP/1.1" 200 4954
[22/Jul/2022 21:10:41] "GET /static/css/style.css HTTP/1.1" 304 0
Not Found: /font-awesome/css/font-awesome.min.css
[22/Jul/2022 21:10:41] "GET /font-awesome/css/font-awesome.min.css HTTP/1.1" 404 2480
[22/Jul/2022 21:10:42] "GET / HTTP/1.1" 200 4954
Not Found: /font-awesome/css/font-awesome.min.css
[22/Jul/2022 21:10:42] "GET /font-awesome/css/font-awesome.min.css HTTP/1.1" 404 2480
Not Found: /font-awesome/css/font-awesome.min.css
[22/Jul/2022 21:10:45] "GET /font-awesome/css/font-awesome.min.css HTTP/1.1" 404 2480
[22/Jul/2022 21:10:46] "GET /static/css/bootstrap.min.css.map HTTP/1.1" 200 428305
[22/Jul/2022 21:11:41] "GET / HTTP/1.1" 200 4962
[22/Jul/2022 21:11:41] "GET /static/font-awesome/css/font-awesome.min.css HTTP/1.1" 404 1975
[22/Jul/2022 21:11:41] "GET /static/css/style.css HTTP/1.1" 304 0
[22/Jul/2022 21:11:41] "GET /static/css/bootstrap.min.css.map HTTP/1.1" 200 428305
[22/Jul/2022 21:11:44] "GET / HTTP/1.1" 200 4962
[22/Jul/2022 21:11:44] "GET /static/font-awesome/css/font-awesome.min.css HTTP/1.1" 404 1975
[22/Jul/2022 21:11:44] "GET /static/css/bootstrap.min.css.map HTTP/1.1" 200 428305
[22/Jul/2022 21:12:09] "GET / HTTP/1.1" 200 4962
[22/Jul/2022 21:12:09] "GET /static/font-awesome/css/font-awesome.min.css HTTP/1.1" 200 31000
[22/Jul/2022 21:12:09] "GET /static/font-awesome/fonts/fontawesome-webfont.woff2?v=4.7.0 HTTP/1.1" 200 77160
[22/Jul/2022 21:12:09] "GET /static/css/bootstrap.min.css.map HTTP/1.1" 200 428305
[22/Jul/2022 21:12:46] "GET / HTTP/1.1" 200 5085
[22/Jul/2022 21:12:46] "GET /static/font-awesome/css/font-awesome.min.css HTTP/1.1" 304 0
[22/Jul/2022 21:12:46] "GET /static/css/style.css HTTP/1.1" 304 0
[22/Jul/2022 21:12:46] "GET /static/font-awesome/fonts/fontawesome-webfont.woff2?v=4.7.0 HTTP/1.1" 304 0
[22/Jul/2022 21:12:46] "GET /static/css/bootstrap.min.css.map HTTP/1.1" 200 428305
[22/Jul/2022 21:14:12] "GET / HTTP/1.1" 200 5083
[22/Jul/2022 21:14:12] "GET /static/font-awesome/css/font-awesome.min.css HTTP/1.1" 304 0
[22/Jul/2022 21:14:12] "GET /static/css/style.css HTTP/1.1" 304 0
[22/Jul/2022 21:14:13] "GET /static/css/bootstrap.min.css.map HTTP/1.1" 200 428305
[22/Jul/2022 21:14:30] "GET / HTTP/1.1" 200 5094
[22/Jul/2022 21:14:31] "GET /static/css/bootstrap.min.css.map HTTP/1.1" 200 428305
[22/Jul/2022 21:14:31] "GET / HTTP/1.1" 200 5094
[22/Jul/2022 21:14:31] "GET /static/css/bootstrap.min.css.map HTTP/1.1" 200 428305
[22/Jul/2022 21:14:35] "GET / HTTP/1.1" 200 5093
[22/Jul/2022 21:14:35] "GET /static/css/bootstrap.min.css.map HTTP/1.1" 200 428305
[22/Jul/2022 21:14:50] "GET / HTTP/1.1" 200 5087
[22/Jul/2022 21:14:50] "GET /static/font-awesome/css/font-awesome.min.css HTTP/1.1" 304 0
[22/Jul/2022 21:14:50] "GET /static/font-awesome/fonts/fontawesome-webfont.woff2?v=4.7.0 HTTP/1.1" 304 0
[22/Jul/2022 21:14:51] "GET /static/css/bootstrap.min.css.map HTTP/1.1" 200 428305
[22/Jul/2022 21:15:03] "GET / HTTP/1.1" 200 5099
[22/Jul/2022 21:15:03] "GET /static/css/style.css HTTP/1.1" 304 0
[22/Jul/2022 21:15:03] "GET /static/css/bootstrap.min.css.map HTTP/1.1" 200 428305
[22/Jul/2022 21:16:21] "GET / HTTP/1.1" 200 5104
[22/Jul/2022 21:16:21] "GET /static/font-awesome/css/font-awesome.min.css HTTP/1.1" 304 0
[22/Jul/2022 21:16:21] "GET /static/css/style.css HTTP/1.1" 304 0
[22/Jul/2022 21:16:21] "GET /static/font-awesome/fonts/fontawesome-webfont.woff2?v=4.7.0 HTTP/1.1" 304 0
[22/Jul/2022 21:16:21] "GET /static/css/bootstrap.min.css.map HTTP/1.1" 200 428305
[22/Jul/2022 21:16:22] "GET / HTTP/1.1" 200 5104
[22/Jul/2022 21:16:22] "GET /static/css/bootstrap.min.css.map HTTP/1.1" 200 428305
[22/Jul/2022 21:16:37] "GET / HTTP/1.1" 200 5109
[22/Jul/2022 21:16:37] "GET /static/css/bootstrap.min.css.map HTTP/1.1" 200 428305
[22/Jul/2022 21:16:38] "GET / HTTP/1.1" 200 5109
[22/Jul/2022 21:16:38] "GET /static/css/bootstrap.min.css.map HTTP/1.1" 200 428305
[22/Jul/2022 21:16:56] "GET / HTTP/1.1" 200 5122
[22/Jul/2022 21:16:56] "GET /static/css/bootstrap.min.css.map HTTP/1.1" 200 428305
[22/Jul/2022 21:17:01] "GET / HTTP/1.1" 200 5121
[22/Jul/2022 21:17:01] "GET /static/css/bootstrap.min.css.map HTTP/1.1" 200 428305
[22/Jul/2022 21:17:08] "GET / HTTP/1.1" 200 5122
[22/Jul/2022 21:17:08] "GET /static/font-awesome/css/font-awesome.min.css HTTP/1.1" 304 0
[22/Jul/2022 21:17:08] "GET /static/css/bootstrap.min.css.map HTTP/1.1" 200 428305
[22/Jul/2022 21:17:19] "GET / HTTP/1.1" 200 5128
[22/Jul/2022 21:17:20] "GET /static/css/bootstrap.min.css.map HTTP/1.1" 200 428305
[22/Jul/2022 21:17:27] "GET / HTTP/1.1" 200 5104
[22/Jul/2022 21:17:27] "GET /static/css/style.css HTTP/1.1" 304 0
[22/Jul/2022 21:17:27] "GET /static/css/bootstrap.min.css.map HTTP/1.1" 200 428305
[22/Jul/2022 21:17:34] "GET / HTTP/1.1" 200 5115
[22/Jul/2022 21:17:34] "GET /static/css/bootstrap.min.css.map HTTP/1.1" 200 428305
[22/Jul/2022 21:17:39] "GET / HTTP/1.1" 200 5121
[22/Jul/2022 21:17:39] "GET /static/css/bootstrap.min.css.map HTTP/1.1" 200 428305
[22/Jul/2022 21:17:47] "GET / HTTP/1.1" 200 5104
[22/Jul/2022 21:17:47] "GET /static/css/bootstrap.min.css.map HTTP/1.1" 200 428305
[22/Jul/2022 21:18:00] "GET / HTTP/1.1" 200 5118
[22/Jul/2022 21:18:00] "GET /static/font-awesome/css/font-awesome.min.css HTTP/1.1" 304 0
[22/Jul/2022 21:18:00] "GET /static/css/bootstrap.min.css.map HTTP/1.1" 200 428305
[22/Jul/2022 21:19:00] "GET / HTTP/1.1" 200 5184
[22/Jul/2022 21:19:00] "GET /static/font-awesome/css/font-awesome.min.css HTTP/1.1" 304 0
[22/Jul/2022 21:19:00] "GET /static/css/style.css HTTP/1.1" 304 0
[22/Jul/2022 21:19:00] "GET /static/css/bootstrap.min.css.map HTTP/1.1" 200 428305
[22/Jul/2022 21:19:11] "GET / HTTP/1.1" 200 5234
[22/Jul/2022 21:19:11] "GET /static/css/bootstrap.min.css.map HTTP/1.1" 200 428305
[22/Jul/2022 21:19:12] "GET / HTTP/1.1" 200 5234
[22/Jul/2022 21:19:12] "GET /static/css/bootstrap.min.css.map HTTP/1.1" 200 428305
[22/Jul/2022 21:19:16] "GET / HTTP/1.1" 200 5235
[22/Jul/2022 21:19:16] "GET /static/css/bootstrap.min.css.map HTTP/1.1" 200 428305
[22/Jul/2022 21:19:17] "GET / HTTP/1.1" 200 5235
[22/Jul/2022 21:19:17] "GET /static/css/bootstrap.min.css.map HTTP/1.1" 200 428305
[22/Jul/2022 21:19:53] "GET / HTTP/1.1" 200 5227
[22/Jul/2022 21:19:53] "GET /static/css/bootstrap.min.css.map HTTP/1.1" 200 428305
[22/Jul/2022 21:20:57] "GET / HTTP/1.1" 200 5227
[22/Jul/2022 21:20:57] "GET /static/font-awesome/css/font-awesome.min.css HTTP/1.1" 304 0
[22/Jul/2022 21:20:57] "GET /static/css/style.css HTTP/1.1" 200 836
[22/Jul/2022 21:20:57] "GET /static/font-awesome/fonts/fontawesome-webfont.woff2?v=4.7.0 HTTP/1.1" 304 0
[22/Jul/2022 21:21:25] "GET / HTTP/1.1" 200 5227
[22/Jul/2022 21:21:25] "GET /static/css/style.css HTTP/1.1" 200 850
[22/Jul/2022 21:21:56] "GET / HTTP/1.1" 200 5227
[22/Jul/2022 21:21:56] "GET /static/css/style.css HTTP/1.1" 200 848
[22/Jul/2022 21:22:08] "GET / HTTP/1.1" 200 5227
[22/Jul/2022 21:22:08] "GET /static/font-awesome/css/font-awesome.min.css HTTP/1.1" 304 0
[22/Jul/2022 21:22:08] "GET /static/css/style.css HTTP/1.1" 200 848
[22/Jul/2022 21:22:08] "GET /static/font-awesome/fonts/fontawesome-webfont.woff2?v=4.7.0 HTTP/1.1" 304 0
[22/Jul/2022 21:22:49] "GET / HTTP/1.1" 200 5225
[22/Jul/2022 21:22:49] "GET /static/css/style.css HTTP/1.1" 304 0
[22/Jul/2022 21:23:09] "GET / HTTP/1.1" 200 5522
[22/Jul/2022 21:23:09] "GET /static/css/style.css HTTP/1.1" 304 0
[22/Jul/2022 21:23:13] "GET / HTTP/1.1" 200 5522
/home/ubuntu/xxrblog/xxrblog/settings.py changed, reloading.
Performing system checks...

System check identified no issues (0 silenced).
July 22, 2022 - 17:11:48
Django version 3.2.14, using settings 'xxrblog.settings'
Starting development server at http://0.0.0.0:8000/
Quit the server with CONTROL-C.
Watching for file changes with StatReloader
Exception in thread django-main-thread:
Traceback (most recent call last):
  File "/home/ubuntu/miniconda3/envs/py37/lib/python3.7/site-packages/django/db/backends/mysql/base.py", line 15, in <module>
    import MySQLdb as Database
ModuleNotFoundError: No module named 'MySQLdb'

The above exception was the direct cause of the following exception:

Traceback (most recent call last):
  File "/home/ubuntu/miniconda3/envs/py37/lib/python3.7/threading.py", line 917, in _bootstrap_inner
    self.run()
  File "/home/ubuntu/miniconda3/envs/py37/lib/python3.7/threading.py", line 865, in run
    self._target(*self._args, **self._kwargs)
  File "/home/ubuntu/miniconda3/envs/py37/lib/python3.7/site-packages/django/utils/autoreload.py", line 64, in wrapper
    fn(*args, **kwargs)
  File "/home/ubuntu/miniconda3/envs/py37/lib/python3.7/site-packages/django/core/management/commands/runserver.py", line 110, in inner_run
    autoreload.raise_last_exception()
  File "/home/ubuntu/miniconda3/envs/py37/lib/python3.7/site-packages/django/utils/autoreload.py", line 87, in raise_last_exception
    raise _exception[1]
  File "/home/ubuntu/miniconda3/envs/py37/lib/python3.7/site-packages/django/core/management/__init__.py", line 375, in execute
    autoreload.check_errors(django.setup)()
  File "/home/ubuntu/miniconda3/envs/py37/lib/python3.7/site-packages/django/utils/autoreload.py", line 64, in wrapper
    fn(*args, **kwargs)
  File "/home/ubuntu/miniconda3/envs/py37/lib/python3.7/site-packages/django/__init__.py", line 24, in setup
    apps.populate(settings.INSTALLED_APPS)
  File "/home/ubuntu/miniconda3/envs/py37/lib/python3.7/site-packages/django/apps/registry.py", line 114, in populate
    app_config.import_models()
  File "/home/ubuntu/miniconda3/envs/py37/lib/python3.7/site-packages/django/apps/config.py", line 301, in import_models
    self.models_module = import_module(models_module_name)
  File "/home/ubuntu/miniconda3/envs/py37/lib/python3.7/importlib/__init__.py", line 127, in import_module
    return _bootstrap._gcd_import(name[level:], package, level)
  File "<frozen importlib._bootstrap>", line 1006, in _gcd_import
  File "<frozen importlib._bootstrap>", line 983, in _find_and_load
  File "<frozen importlib._bootstrap>", line 967, in _find_and_load_unlocked
  File "<frozen importlib._bootstrap>", line 677, in _load_unlocked
  File "<frozen importlib._bootstrap_external>", line 728, in exec_module
  File "<frozen importlib._bootstrap>", line 219, in _call_with_frames_removed
  File "/home/ubuntu/miniconda3/envs/py37/lib/python3.7/site-packages/django/contrib/auth/models.py", line 3, in <module>
    from django.contrib.auth.base_user import AbstractBaseUser, BaseUserManager
  File "/home/ubuntu/miniconda3/envs/py37/lib/python3.7/site-packages/django/contrib/auth/base_user.py", line 48, in <module>
    class AbstractBaseUser(models.Model):
  File "/home/ubuntu/miniconda3/envs/py37/lib/python3.7/site-packages/django/db/models/base.py", line 122, in __new__
    new_class.add_to_class('_meta', Options(meta, app_label))
  File "/home/ubuntu/miniconda3/envs/py37/lib/python3.7/site-packages/django/db/models/base.py", line 326, in add_to_class
    value.contribute_to_class(cls, name)
  File "/home/ubuntu/miniconda3/envs/py37/lib/python3.7/site-packages/django/db/models/options.py", line 207, in contribute_to_class
    self.db_table = truncate_name(self.db_table, connection.ops.max_name_length())
  File "/home/ubuntu/miniconda3/envs/py37/lib/python3.7/site-packages/django/utils/connection.py", line 15, in __getattr__
    return getattr(self._connections[self._alias], item)
  File "/home/ubuntu/miniconda3/envs/py37/lib/python3.7/site-packages/django/utils/connection.py", line 62, in __getitem__
    conn = self.create_connection(alias)
  File "/home/ubuntu/miniconda3/envs/py37/lib/python3.7/site-packages/django/db/utils.py", line 204, in create_connection
    backend = load_backend(db['ENGINE'])
  File "/home/ubuntu/miniconda3/envs/py37/lib/python3.7/site-packages/django/db/utils.py", line 111, in load_backend
    return import_module('%s.base' % backend_name)
  File "/home/ubuntu/miniconda3/envs/py37/lib/python3.7/importlib/__init__.py", line 127, in import_module
    return _bootstrap._gcd_import(name[level:], package, level)
  File "/home/ubuntu/miniconda3/envs/py37/lib/python3.7/site-packages/django/db/backends/mysql/base.py", line 20, in <module>
    ) from err
django.core.exceptions.ImproperlyConfigured: Error loading MySQLdb module.
Did you install mysqlclient?

/home/ubuntu/xxrblog/xxrblog/settings.py changed, reloading.
Traceback (most recent call last):
  File "manage.py", line 22, in <module>
    main()
  File "manage.py", line 18, in main
    execute_from_command_line(sys.argv)
  File "/home/ubuntu/miniconda3/envs/py37/lib/python3.7/site-packages/django/core/management/__init__.py", line 419, in execute_from_command_line
    utility.execute()
  File "/home/ubuntu/miniconda3/envs/py37/lib/python3.7/site-packages/django/core/management/__init__.py", line 363, in execute
    settings.INSTALLED_APPS
  File "/home/ubuntu/miniconda3/envs/py37/lib/python3.7/site-packages/django/conf/__init__.py", line 82, in __getattr__
    self._setup(name)
  File "/home/ubuntu/miniconda3/envs/py37/lib/python3.7/site-packages/django/conf/__init__.py", line 69, in _setup
    self._wrapped = Settings(settings_module)
  File "/home/ubuntu/miniconda3/envs/py37/lib/python3.7/site-packages/django/conf/__init__.py", line 170, in __init__
    mod = importlib.import_module(self.SETTINGS_MODULE)
  File "/home/ubuntu/miniconda3/envs/py37/lib/python3.7/importlib/__init__.py", line 127, in import_module
    return _bootstrap._gcd_import(name[level:], package, level)
  File "<frozen importlib._bootstrap>", line 1006, in _gcd_import
  File "<frozen importlib._bootstrap>", line 983, in _find_and_load
  File "<frozen importlib._bootstrap>", line 967, in _find_and_load_unlocked
  File "<frozen importlib._bootstrap>", line 677, in _load_unlocked
  File "<frozen importlib._bootstrap_external>", line 724, in exec_module
  File "<frozen importlib._bootstrap_external>", line 860, in get_code
  File "<frozen importlib._bootstrap_external>", line 791, in source_to_code
  File "<frozen importlib._bootstrap>", line 219, in _call_with_frames_removed
  File "/home/ubuntu/xxrblog/xxrblog/settings.py", line 91
    'HOST': ,  # 你的数据库主机，留空默认为localhost
            ^
SyntaxError: invalid syntax
